{"E:\\project\\gelbooru\\src\\main.ts": {"path":"E:\\project\\gelbooru\\src\\main.ts","statementMap":{"0":{"start":{"line":9,"column":6},"end":{"line":9,"column":null}},"1":{"start":{"line":10,"column":6},"end":{"line":10,"column":null}},"2":{"start":{"line":12,"column":0},"end":{"line":12,"column":null}},"3":{"start":{"line":13,"column":0},"end":{"line":13,"column":null}},"4":{"start":{"line":14,"column":0},"end":{"line":14,"column":null}},"5":{"start":{"line":17,"column":6},"end":{"line":17,"column":null}},"6":{"start":{"line":18,"column":6},"end":{"line":18,"column":null}},"7":{"start":{"line":20,"column":0},"end":{"line":22,"column":null}},"8":{"start":{"line":21,"column":2},"end":{"line":21,"column":null}}},"fnMap":{"0":{"name":"(anonymous_0)","decl":{"start":{"line":20,"column":71},"end":{"line":20,"column":77}},"loc":{"start":{"line":20,"column":77},"end":{"line":22,"column":1}},"line":20}},"branchMap":{},"s":{"0":0,"1":0,"2":0,"3":0,"4":0,"5":0,"6":0,"7":0,"8":0},"f":{"0":0},"b":{},"meta":{"lastBranch":0,"lastFunction":1,"lastStatement":9,"seen":{"s:9:6:9:Infinity":0,"s:10:6:10:Infinity":1,"s:12:0:12:Infinity":2,"s:13:0:13:Infinity":3,"s:14:0:14:Infinity":4,"s:17:6:17:Infinity":5,"s:18:6:18:Infinity":6,"s:20:0:22:Infinity":7,"f:20:71:20:77":0,"s:21:2:21:Infinity":8}}}
,"E:\\project\\gelbooru\\src\\router\\index.ts": {"path":"E:\\project\\gelbooru\\src\\router\\index.ts","statementMap":{"0":{"start":{"line":3,"column":6},"end":{"line":32,"column":null}},"1":{"start":{"line":9,"column":23},"end":{"line":9,"column":null}},"2":{"start":{"line":14,"column":23},"end":{"line":14,"column":null}},"3":{"start":{"line":19,"column":23},"end":{"line":19,"column":null}},"4":{"start":{"line":24,"column":23},"end":{"line":24,"column":null}},"5":{"start":{"line":29,"column":23},"end":{"line":29,"column":null}}},"fnMap":{"0":{"name":"(anonymous_0)","decl":{"start":{"line":9,"column":17},"end":{"line":9,"column":23}},"loc":{"start":{"line":9,"column":23},"end":{"line":9,"column":null}},"line":9},"1":{"name":"(anonymous_1)","decl":{"start":{"line":14,"column":17},"end":{"line":14,"column":23}},"loc":{"start":{"line":14,"column":23},"end":{"line":14,"column":null}},"line":14},"2":{"name":"(anonymous_2)","decl":{"start":{"line":19,"column":17},"end":{"line":19,"column":23}},"loc":{"start":{"line":19,"column":23},"end":{"line":19,"column":null}},"line":19},"3":{"name":"(anonymous_3)","decl":{"start":{"line":24,"column":17},"end":{"line":24,"column":23}},"loc":{"start":{"line":24,"column":23},"end":{"line":24,"column":null}},"line":24},"4":{"name":"(anonymous_4)","decl":{"start":{"line":29,"column":17},"end":{"line":29,"column":23}},"loc":{"start":{"line":29,"column":23},"end":{"line":29,"column":null}},"line":29}},"branchMap":{},"s":{"0":0,"1":0,"2":0,"3":0,"4":0,"5":0},"f":{"0":0,"1":0,"2":0,"3":0,"4":0},"b":{},"meta":{"lastBranch":0,"lastFunction":5,"lastStatement":6,"seen":{"s:3:6:32:Infinity":0,"f:9:17:9:23":0,"s:9:23:9:Infinity":1,"f:14:17:14:23":1,"s:14:23:14:Infinity":2,"f:19:17:19:23":2,"s:19:23:19:Infinity":3,"f:24:17:24:23":3,"s:24:23:24:Infinity":4,"f:29:17:29:23":4,"s:29:23:29:Infinity":5}}}
,"E:\\project\\gelbooru\\src\\stores\\download.ts": {"path":"E:\\project\\gelbooru\\src\\stores\\download.ts","statementMap":{"0":{"start":{"line":41,"column":2},"end":{"line":45,"column":null}},"1":{"start":{"line":50,"column":2},"end":{"line":52,"column":null}},"2":{"start":{"line":51,"column":19},"end":{"line":51,"column":65}},"3":{"start":{"line":52,"column":16},"end":{"line":52,"column":40}},"4":{"start":{"line":58,"column":18},"end":{"line":58,"column":null}},"5":{"start":{"line":59,"column":21},"end":{"line":59,"column":null}},"6":{"start":{"line":60,"column":21},"end":{"line":60,"column":null}},"7":{"start":{"line":63,"column":16},"end":{"line":63,"column":null}},"8":{"start":{"line":64,"column":2},"end":{"line":69,"column":null}},"9":{"start":{"line":65,"column":18},"end":{"line":65,"column":null}},"10":{"start":{"line":66,"column":4},"end":{"line":68,"column":null}},"11":{"start":{"line":67,"column":6},"end":{"line":67,"column":null}},"12":{"start":{"line":72,"column":15},"end":{"line":72,"column":null}},"13":{"start":{"line":73,"column":2},"end":{"line":75,"column":null}},"14":{"start":{"line":73,"column":43},"end":{"line":73,"column":null}},"15":{"start":{"line":73,"column":52},"end":{"line":75,"column":null}},"16":{"start":{"line":74,"column":56},"end":{"line":74,"column":null}},"17":{"start":{"line":74,"column":65},"end":{"line":75,"column":null}},"18":{"start":{"line":75,"column":52},"end":{"line":75,"column":null}},"19":{"start":{"line":78,"column":20},"end":{"line":78,"column":null}},"20":{"start":{"line":81,"column":24},"end":{"line":81,"column":null}},"21":{"start":{"line":84,"column":21},"end":{"line":84,"column":null}},"22":{"start":{"line":87,"column":14},"end":{"line":87,"column":null}},"23":{"start":{"line":90,"column":19},"end":{"line":90,"column":null}},"24":{"start":{"line":93,"column":19},"end":{"line":93,"column":null}},"25":{"start":{"line":95,"column":2},"end":{"line":95,"column":null}},"26":{"start":{"line":98,"column":13},"end":{"line":296,"column":null}},"27":{"start":{"line":99,"column":8},"end":{"line":99,"column":null}},"28":{"start":{"line":100,"column":8},"end":{"line":100,"column":null}},"29":{"start":{"line":101,"column":44},"end":{"line":101,"column":null}},"30":{"start":{"line":102,"column":20},"end":{"line":102,"column":null}},"31":{"start":{"line":104,"column":8},"end":{"line":104,"column":null}},"32":{"start":{"line":104,"column":31},"end":{"line":104,"column":80}},"33":{"start":{"line":104,"column":57},"end":{"line":104,"column":79}},"34":{"start":{"line":105,"column":8},"end":{"line":105,"column":null}},"35":{"start":{"line":105,"column":37},"end":{"line":105,"column":90}},"36":{"start":{"line":105,"column":63},"end":{"line":105,"column":89}},"37":{"start":{"line":106,"column":8},"end":{"line":106,"column":null}},"38":{"start":{"line":106,"column":35},"end":{"line":106,"column":86}},"39":{"start":{"line":106,"column":61},"end":{"line":106,"column":85}},"40":{"start":{"line":107,"column":8},"end":{"line":107,"column":null}},"41":{"start":{"line":107,"column":32},"end":{"line":107,"column":80}},"42":{"start":{"line":107,"column":58},"end":{"line":107,"column":79}},"43":{"start":{"line":111,"column":4},"end":{"line":111,"column":null}},"44":{"start":{"line":111,"column":26},"end":{"line":111,"column":null}},"45":{"start":{"line":114,"column":4},"end":{"line":127,"column":null}},"46":{"start":{"line":115,"column":19},"end":{"line":115,"column":null}},"47":{"start":{"line":116,"column":20},"end":{"line":116,"column":null}},"48":{"start":{"line":116,"column":49},"end":{"line":116,"column":65}},"49":{"start":{"line":117,"column":6},"end":{"line":126,"column":null}},"50":{"start":{"line":118,"column":8},"end":{"line":125,"column":null}},"51":{"start":{"line":132,"column":4},"end":{"line":132,"column":null}},"52":{"start":{"line":132,"column":21},"end":{"line":132,"column":null}},"53":{"start":{"line":133,"column":4},"end":{"line":133,"column":null}},"54":{"start":{"line":136,"column":4},"end":{"line":136,"column":null}},"55":{"start":{"line":138,"column":4},"end":{"line":138,"column":null}},"56":{"start":{"line":143,"column":4},"end":{"line":148,"column":null}},"57":{"start":{"line":144,"column":21},"end":{"line":144,"column":null}},"58":{"start":{"line":145,"column":6},"end":{"line":145,"column":null}},"59":{"start":{"line":147,"column":6},"end":{"line":147,"column":null}},"60":{"start":{"line":153,"column":4},"end":{"line":153,"column":null}},"61":{"start":{"line":155,"column":10},"end":{"line":155,"column":null}},"62":{"start":{"line":156,"column":21},"end":{"line":156,"column":null}},"63":{"start":{"line":159,"column":21},"end":{"line":159,"column":null}},"64":{"start":{"line":161,"column":4},"end":{"line":178,"column":null}},"65":{"start":{"line":162,"column":19},"end":{"line":167,"column":null}},"66":{"start":{"line":169,"column":6},"end":{"line":169,"column":null}},"67":{"start":{"line":172,"column":6},"end":{"line":172,"column":null}},"68":{"start":{"line":174,"column":6},"end":{"line":174,"column":null}},"69":{"start":{"line":176,"column":6},"end":{"line":176,"column":null}},"70":{"start":{"line":177,"column":6},"end":{"line":177,"column":null}},"71":{"start":{"line":183,"column":4},"end":{"line":189,"column":null}},"72":{"start":{"line":184,"column":6},"end":{"line":184,"column":null}},"73":{"start":{"line":185,"column":6},"end":{"line":185,"column":null}},"74":{"start":{"line":187,"column":6},"end":{"line":187,"column":null}},"75":{"start":{"line":188,"column":6},"end":{"line":188,"column":null}},"76":{"start":{"line":194,"column":4},"end":{"line":198,"column":null}},"77":{"start":{"line":195,"column":6},"end":{"line":195,"column":null}},"78":{"start":{"line":197,"column":6},"end":{"line":197,"column":null}},"79":{"start":{"line":203,"column":4},"end":{"line":207,"column":null}},"80":{"start":{"line":204,"column":6},"end":{"line":204,"column":null}},"81":{"start":{"line":206,"column":6},"end":{"line":206,"column":null}},"82":{"start":{"line":212,"column":4},"end":{"line":216,"column":null}},"83":{"start":{"line":213,"column":6},"end":{"line":213,"column":null}},"84":{"start":{"line":215,"column":6},"end":{"line":215,"column":null}},"85":{"start":{"line":221,"column":4},"end":{"line":229,"column":null}},"86":{"start":{"line":222,"column":6},"end":{"line":222,"column":null}},"87":{"start":{"line":223,"column":20},"end":{"line":223,"column":null}},"88":{"start":{"line":223,"column":49},"end":{"line":223,"column":60}},"89":{"start":{"line":224,"column":6},"end":{"line":226,"column":null}},"90":{"start":{"line":225,"column":8},"end":{"line":225,"column":null}},"91":{"start":{"line":228,"column":6},"end":{"line":228,"column":null}},"92":{"start":{"line":234,"column":4},"end":{"line":239,"column":null}},"93":{"start":{"line":235,"column":6},"end":{"line":235,"column":null}},"94":{"start":{"line":236,"column":6},"end":{"line":236,"column":null}},"95":{"start":{"line":236,"column":46},"end":{"line":236,"column":70}},"96":{"start":{"line":238,"column":6},"end":{"line":238,"column":null}},"97":{"start":{"line":244,"column":4},"end":{"line":249,"column":null}},"98":{"start":{"line":245,"column":21},"end":{"line":245,"column":null}},"99":{"start":{"line":246,"column":6},"end":{"line":246,"column":null}},"100":{"start":{"line":248,"column":6},"end":{"line":248,"column":null}},"101":{"start":{"line":254,"column":4},"end":{"line":256,"column":null}},"102":{"start":{"line":255,"column":6},"end":{"line":255,"column":null}},"103":{"start":{"line":261,"column":4},"end":{"line":263,"column":null}},"104":{"start":{"line":262,"column":6},"end":{"line":262,"column":null}},"105":{"start":{"line":268,"column":4},"end":{"line":272,"column":null}},"106":{"start":{"line":269,"column":6},"end":{"line":269,"column":null}},"107":{"start":{"line":271,"column":6},"end":{"line":271,"column":null}},"108":{"start":{"line":275,"column":2},"end":{"line":295,"column":null}}},"fnMap":{"0":{"name":"sanitizeFileName","decl":{"start":{"line":40,"column":9},"end":{"line":40,"column":26}},"loc":{"start":{"line":40,"column":48},"end":{"line":46,"column":null}},"line":40},"1":{"name":"extractTagsByType","decl":{"start":{"line":49,"column":9},"end":{"line":49,"column":27}},"loc":{"start":{"line":49,"column":72},"end":{"line":53,"column":null}},"line":49},"2":{"name":"(anonymous_2)","decl":{"start":{"line":51,"column":12},"end":{"line":51,"column":13}},"loc":{"start":{"line":51,"column":19},"end":{"line":51,"column":65}},"line":51},"3":{"name":"(anonymous_3)","decl":{"start":{"line":52,"column":9},"end":{"line":52,"column":10}},"loc":{"start":{"line":52,"column":16},"end":{"line":52,"column":40}},"line":52},"4":{"name":"generateSavePath","decl":{"start":{"line":56,"column":9},"end":{"line":56,"column":26}},"loc":{"start":{"line":56,"column":68},"end":{"line":96,"column":null}},"line":56},"5":{"name":"(anonymous_5)","decl":{"start":{"line":98,"column":56},"end":{"line":98,"column":62}},"loc":{"start":{"line":98,"column":62},"end":{"line":296,"column":1}},"line":98},"6":{"name":"(anonymous_6)","decl":{"start":{"line":104,"column":25},"end":{"line":104,"column":31}},"loc":{"start":{"line":104,"column":31},"end":{"line":104,"column":80}},"line":104},"7":{"name":"(anonymous_7)","decl":{"start":{"line":104,"column":50},"end":{"line":104,"column":51}},"loc":{"start":{"line":104,"column":57},"end":{"line":104,"column":79}},"line":104},"8":{"name":"(anonymous_8)","decl":{"start":{"line":105,"column":31},"end":{"line":105,"column":37}},"loc":{"start":{"line":105,"column":37},"end":{"line":105,"column":90}},"line":105},"9":{"name":"(anonymous_9)","decl":{"start":{"line":105,"column":56},"end":{"line":105,"column":57}},"loc":{"start":{"line":105,"column":63},"end":{"line":105,"column":89}},"line":105},"10":{"name":"(anonymous_10)","decl":{"start":{"line":106,"column":29},"end":{"line":106,"column":35}},"loc":{"start":{"line":106,"column":35},"end":{"line":106,"column":86}},"line":106},"11":{"name":"(anonymous_11)","decl":{"start":{"line":106,"column":54},"end":{"line":106,"column":55}},"loc":{"start":{"line":106,"column":61},"end":{"line":106,"column":85}},"line":106},"12":{"name":"(anonymous_12)","decl":{"start":{"line":107,"column":26},"end":{"line":107,"column":32}},"loc":{"start":{"line":107,"column":32},"end":{"line":107,"column":80}},"line":107},"13":{"name":"(anonymous_13)","decl":{"start":{"line":107,"column":51},"end":{"line":107,"column":52}},"loc":{"start":{"line":107,"column":58},"end":{"line":107,"column":79}},"line":107},"14":{"name":"initListeners","decl":{"start":{"line":110,"column":17},"end":{"line":110,"column":33}},"loc":{"start":{"line":110,"column":33},"end":{"line":128,"column":null}},"line":110},"15":{"name":"(anonymous_15)","decl":{"start":{"line":114,"column":80},"end":{"line":114,"column":81}},"loc":{"start":{"line":114,"column":91},"end":{"line":127,"column":5}},"line":114},"16":{"name":"(anonymous_16)","decl":{"start":{"line":116,"column":42},"end":{"line":116,"column":43}},"loc":{"start":{"line":116,"column":49},"end":{"line":116,"column":65}},"line":116},"17":{"name":"init","decl":{"start":{"line":131,"column":17},"end":{"line":131,"column":24}},"loc":{"start":{"line":131,"column":24},"end":{"line":139,"column":null}},"line":131},"18":{"name":"restoreTasks","decl":{"start":{"line":142,"column":17},"end":{"line":142,"column":32}},"loc":{"start":{"line":142,"column":32},"end":{"line":149,"column":null}},"line":142},"19":{"name":"addTask","decl":{"start":{"line":152,"column":17},"end":{"line":152,"column":25}},"loc":{"start":{"line":152,"column":41},"end":{"line":179,"column":null}},"line":152},"20":{"name":"startDownload","decl":{"start":{"line":182,"column":17},"end":{"line":182,"column":31}},"loc":{"start":{"line":182,"column":43},"end":{"line":190,"column":null}},"line":182},"21":{"name":"pauseDownload","decl":{"start":{"line":193,"column":17},"end":{"line":193,"column":31}},"loc":{"start":{"line":193,"column":43},"end":{"line":199,"column":null}},"line":193},"22":{"name":"resumeDownload","decl":{"start":{"line":202,"column":17},"end":{"line":202,"column":32}},"loc":{"start":{"line":202,"column":44},"end":{"line":208,"column":null}},"line":202},"23":{"name":"cancelDownload","decl":{"start":{"line":211,"column":17},"end":{"line":211,"column":32}},"loc":{"start":{"line":211,"column":44},"end":{"line":217,"column":null}},"line":211},"24":{"name":"removeTask","decl":{"start":{"line":220,"column":17},"end":{"line":220,"column":28}},"loc":{"start":{"line":220,"column":40},"end":{"line":230,"column":null}},"line":220},"25":{"name":"(anonymous_25)","decl":{"start":{"line":223,"column":42},"end":{"line":223,"column":43}},"loc":{"start":{"line":223,"column":49},"end":{"line":223,"column":60}},"line":223},"26":{"name":"clearCompleted","decl":{"start":{"line":233,"column":17},"end":{"line":233,"column":34}},"loc":{"start":{"line":233,"column":34},"end":{"line":240,"column":null}},"line":233},"27":{"name":"(anonymous_27)","decl":{"start":{"line":236,"column":39},"end":{"line":236,"column":40}},"loc":{"start":{"line":236,"column":46},"end":{"line":236,"column":70}},"line":236},"28":{"name":"fetchTasks","decl":{"start":{"line":243,"column":17},"end":{"line":243,"column":30}},"loc":{"start":{"line":243,"column":30},"end":{"line":250,"column":null}},"line":243},"29":{"name":"startAllPending","decl":{"start":{"line":253,"column":17},"end":{"line":253,"column":35}},"loc":{"start":{"line":253,"column":35},"end":{"line":257,"column":null}},"line":253},"30":{"name":"pauseAllDownloading","decl":{"start":{"line":260,"column":17},"end":{"line":260,"column":39}},"loc":{"start":{"line":260,"column":39},"end":{"line":264,"column":null}},"line":260},"31":{"name":"openFile","decl":{"start":{"line":267,"column":17},"end":{"line":267,"column":26}},"loc":{"start":{"line":267,"column":40},"end":{"line":273,"column":null}},"line":267}},"branchMap":{"0":{"loc":{"start":{"line":64,"column":2},"end":{"line":69,"column":null}},"type":"if","locations":[{"start":{"line":64,"column":2},"end":{"line":69,"column":null}},{"start":{},"end":{}}],"line":64},"1":{"loc":{"start":{"line":66,"column":4},"end":{"line":68,"column":null}},"type":"if","locations":[{"start":{"line":66,"column":4},"end":{"line":68,"column":null}},{"start":{},"end":{}}],"line":66},"2":{"loc":{"start":{"line":72,"column":15},"end":{"line":72,"column":null}},"type":"binary-expr","locations":[{"start":{"line":72,"column":15},"end":{"line":72,"column":45}},{"start":{"line":72,"column":45},"end":{"line":72,"column":null}}],"line":72},"3":{"loc":{"start":{"line":73,"column":2},"end":{"line":75,"column":null}},"type":"if","locations":[{"start":{"line":73,"column":2},"end":{"line":75,"column":null}},{"start":{"line":73,"column":52},"end":{"line":75,"column":null}}],"line":73},"4":{"loc":{"start":{"line":73,"column":6},"end":{"line":73,"column":43}},"type":"binary-expr","locations":[{"start":{"line":73,"column":6},"end":{"line":73,"column":27}},{"start":{"line":73,"column":27},"end":{"line":73,"column":43}}],"line":73},"5":{"loc":{"start":{"line":73,"column":52},"end":{"line":75,"column":null}},"type":"if","locations":[{"start":{"line":73,"column":52},"end":{"line":75,"column":null}},{"start":{"line":74,"column":65},"end":{"line":75,"column":null}}],"line":73},"6":{"loc":{"start":{"line":74,"column":11},"end":{"line":74,"column":56}},"type":"binary-expr","locations":[{"start":{"line":74,"column":11},"end":{"line":74,"column":40}},{"start":{"line":74,"column":40},"end":{"line":74,"column":56}}],"line":74},"7":{"loc":{"start":{"line":74,"column":65},"end":{"line":75,"column":null}},"type":"if","locations":[{"start":{"line":74,"column":65},"end":{"line":75,"column":null}},{"start":{},"end":{}}],"line":74},"8":{"loc":{"start":{"line":75,"column":11},"end":{"line":75,"column":52}},"type":"binary-expr","locations":[{"start":{"line":75,"column":11},"end":{"line":75,"column":36}},{"start":{"line":75,"column":36},"end":{"line":75,"column":52}}],"line":75},"9":{"loc":{"start":{"line":78,"column":20},"end":{"line":78,"column":null}},"type":"cond-expr","locations":[{"start":{"line":78,"column":44},"end":{"line":78,"column":60}},{"start":{"line":78,"column":60},"end":{"line":78,"column":null}}],"line":78},"10":{"loc":{"start":{"line":81,"column":24},"end":{"line":81,"column":null}},"type":"cond-expr","locations":[{"start":{"line":81,"column":48},"end":{"line":81,"column":78}},{"start":{"line":81,"column":78},"end":{"line":81,"column":null}}],"line":81},"11":{"loc":{"start":{"line":84,"column":21},"end":{"line":84,"column":null}},"type":"cond-expr","locations":[{"start":{"line":84,"column":42},"end":{"line":84,"column":62}},{"start":{"line":84,"column":62},"end":{"line":84,"column":null}}],"line":84},"12":{"loc":{"start":{"line":87,"column":14},"end":{"line":87,"column":null}},"type":"binary-expr","locations":[{"start":{"line":87,"column":14},"end":{"line":87,"column":63}},{"start":{"line":87,"column":63},"end":{"line":87,"column":null}}],"line":87},"13":{"loc":{"start":{"line":111,"column":4},"end":{"line":111,"column":null}},"type":"if","locations":[{"start":{"line":111,"column":4},"end":{"line":111,"column":null}},{"start":{},"end":{}}],"line":111},"14":{"loc":{"start":{"line":117,"column":6},"end":{"line":126,"column":null}},"type":"if","locations":[{"start":{"line":117,"column":6},"end":{"line":126,"column":null}},{"start":{},"end":{}}],"line":117},"15":{"loc":{"start":{"line":132,"column":4},"end":{"line":132,"column":null}},"type":"if","locations":[{"start":{"line":132,"column":4},"end":{"line":132,"column":null}},{"start":{},"end":{}}],"line":132},"16":{"loc":{"start":{"line":159,"column":21},"end":{"line":159,"column":null}},"type":"binary-expr","locations":[{"start":{"line":159,"column":21},"end":{"line":159,"column":50}},{"start":{"line":159,"column":50},"end":{"line":159,"column":null}}],"line":159},"17":{"loc":{"start":{"line":224,"column":6},"end":{"line":226,"column":null}},"type":"if","locations":[{"start":{"line":224,"column":6},"end":{"line":226,"column":null}},{"start":{},"end":{}}],"line":224}},"s":{"0":0,"1":0,"2":0,"3":0,"4":0,"5":0,"6":0,"7":0,"8":0,"9":0,"10":0,"11":0,"12":0,"13":0,"14":0,"15":0,"16":0,"17":0,"18":0,"19":0,"20":0,"21":0,"22":0,"23":0,"24":0,"25":0,"26":0,"27":0,"28":0,"29":0,"30":0,"31":0,"32":0,"33":0,"34":0,"35":0,"36":0,"37":0,"38":0,"39":0,"40":0,"41":0,"42":0,"43":0,"44":0,"45":0,"46":0,"47":0,"48":0,"49":0,"50":0,"51":0,"52":0,"53":0,"54":0,"55":0,"56":0,"57":0,"58":0,"59":0,"60":0,"61":0,"62":0,"63":0,"64":0,"65":0,"66":0,"67":0,"68":0,"69":0,"70":0,"71":0,"72":0,"73":0,"74":0,"75":0,"76":0,"77":0,"78":0,"79":0,"80":0,"81":0,"82":0,"83":0,"84":0,"85":0,"86":0,"87":0,"88":0,"89":0,"90":0,"91":0,"92":0,"93":0,"94":0,"95":0,"96":0,"97":0,"98":0,"99":0,"100":0,"101":0,"102":0,"103":0,"104":0,"105":0,"106":0,"107":0,"108":0},"f":{"0":0,"1":0,"2":0,"3":0,"4":0,"5":0,"6":0,"7":0,"8":0,"9":0,"10":0,"11":0,"12":0,"13":0,"14":0,"15":0,"16":0,"17":0,"18":0,"19":0,"20":0,"21":0,"22":0,"23":0,"24":0,"25":0,"26":0,"27":0,"28":0,"29":0,"30":0,"31":0},"b":{"0":[0,0],"1":[0,0],"2":[0,0],"3":[0,0],"4":[0,0],"5":[0,0],"6":[0,0],"7":[0,0],"8":[0,0],"9":[0,0],"10":[0,0],"11":[0,0],"12":[0,0],"13":[0,0],"14":[0,0],"15":[0,0],"16":[0,0],"17":[0,0]},"meta":{"lastBranch":18,"lastFunction":32,"lastStatement":109,"seen":{"f:40:9:40:26":0,"s:41:2:45:Infinity":0,"f:49:9:49:27":1,"s:50:2:52:Infinity":1,"f:51:12:51:13":2,"s:51:19:51:65":2,"f:52:9:52:10":3,"s:52:16:52:40":3,"f:56:9:56:26":4,"s:58:18:58:Infinity":4,"s:59:21:59:Infinity":5,"s:60:21:60:Infinity":6,"s:63:16:63:Infinity":7,"b:64:2:69:Infinity:undefined:undefined:undefined:undefined":0,"s:64:2:69:Infinity":8,"s:65:18:65:Infinity":9,"b:66:4:68:Infinity:undefined:undefined:undefined:undefined":1,"s:66:4:68:Infinity":10,"s:67:6:67:Infinity":11,"s:72:15:72:Infinity":12,"b:72:15:72:45:72:45:72:Infinity":2,"b:73:2:75:Infinity:73:52:75:Infinity":3,"s:73:2:75:Infinity":13,"b:73:6:73:27:73:27:73:43":4,"s:73:43:73:Infinity":14,"b:73:52:75:Infinity:74:65:75:Infinity":5,"s:73:52:75:Infinity":15,"b:74:11:74:40:74:40:74:56":6,"s:74:56:74:Infinity":16,"b:74:65:75:Infinity:undefined:undefined:undefined:undefined":7,"s:74:65:75:Infinity":17,"b:75:11:75:36:75:36:75:52":8,"s:75:52:75:Infinity":18,"s:78:20:78:Infinity":19,"b:78:44:78:60:78:60:78:Infinity":9,"s:81:24:81:Infinity":20,"b:81:48:81:78:81:78:81:Infinity":10,"s:84:21:84:Infinity":21,"b:84:42:84:62:84:62:84:Infinity":11,"s:87:14:87:Infinity":22,"b:87:14:87:63:87:63:87:Infinity":12,"s:90:19:90:Infinity":23,"s:93:19:93:Infinity":24,"s:95:2:95:Infinity":25,"s:98:13:296:Infinity":26,"f:98:56:98:62":5,"s:99:8:99:Infinity":27,"s:100:8:100:Infinity":28,"s:101:44:101:Infinity":29,"s:102:20:102:Infinity":30,"s:104:8:104:Infinity":31,"f:104:25:104:31":6,"s:104:31:104:80":32,"f:104:50:104:51":7,"s:104:57:104:79":33,"s:105:8:105:Infinity":34,"f:105:31:105:37":8,"s:105:37:105:90":35,"f:105:56:105:57":9,"s:105:63:105:89":36,"s:106:8:106:Infinity":37,"f:106:29:106:35":10,"s:106:35:106:86":38,"f:106:54:106:55":11,"s:106:61:106:85":39,"s:107:8:107:Infinity":40,"f:107:26:107:32":12,"s:107:32:107:80":41,"f:107:51:107:52":13,"s:107:58:107:79":42,"f:110:17:110:33":14,"b:111:4:111:Infinity:undefined:undefined:undefined:undefined":13,"s:111:4:111:Infinity":43,"s:111:26:111:Infinity":44,"s:114:4:127:Infinity":45,"f:114:80:114:81":15,"s:115:19:115:Infinity":46,"s:116:20:116:Infinity":47,"f:116:42:116:43":16,"s:116:49:116:65":48,"b:117:6:126:Infinity:undefined:undefined:undefined:undefined":14,"s:117:6:126:Infinity":49,"s:118:8:125:Infinity":50,"f:131:17:131:24":17,"b:132:4:132:Infinity:undefined:undefined:undefined:undefined":15,"s:132:4:132:Infinity":51,"s:132:21:132:Infinity":52,"s:133:4:133:Infinity":53,"s:136:4:136:Infinity":54,"s:138:4:138:Infinity":55,"f:142:17:142:32":18,"s:143:4:148:Infinity":56,"s:144:21:144:Infinity":57,"s:145:6:145:Infinity":58,"s:147:6:147:Infinity":59,"f:152:17:152:25":19,"s:153:4:153:Infinity":60,"s:155:10:155:Infinity":61,"s:156:21:156:Infinity":62,"s:159:21:159:Infinity":63,"b:159:21:159:50:159:50:159:Infinity":16,"s:161:4:178:Infinity":64,"s:162:19:167:Infinity":65,"s:169:6:169:Infinity":66,"s:172:6:172:Infinity":67,"s:174:6:174:Infinity":68,"s:176:6:176:Infinity":69,"s:177:6:177:Infinity":70,"f:182:17:182:31":20,"s:183:4:189:Infinity":71,"s:184:6:184:Infinity":72,"s:185:6:185:Infinity":73,"s:187:6:187:Infinity":74,"s:188:6:188:Infinity":75,"f:193:17:193:31":21,"s:194:4:198:Infinity":76,"s:195:6:195:Infinity":77,"s:197:6:197:Infinity":78,"f:202:17:202:32":22,"s:203:4:207:Infinity":79,"s:204:6:204:Infinity":80,"s:206:6:206:Infinity":81,"f:211:17:211:32":23,"s:212:4:216:Infinity":82,"s:213:6:213:Infinity":83,"s:215:6:215:Infinity":84,"f:220:17:220:28":24,"s:221:4:229:Infinity":85,"s:222:6:222:Infinity":86,"s:223:20:223:Infinity":87,"f:223:42:223:43":25,"s:223:49:223:60":88,"b:224:6:226:Infinity:undefined:undefined:undefined:undefined":17,"s:224:6:226:Infinity":89,"s:225:8:225:Infinity":90,"s:228:6:228:Infinity":91,"f:233:17:233:34":26,"s:234:4:239:Infinity":92,"s:235:6:235:Infinity":93,"s:236:6:236:Infinity":94,"f:236:39:236:40":27,"s:236:46:236:70":95,"s:238:6:238:Infinity":96,"f:243:17:243:30":28,"s:244:4:249:Infinity":97,"s:245:21:245:Infinity":98,"s:246:6:246:Infinity":99,"s:248:6:248:Infinity":100,"f:253:17:253:35":29,"s:254:4:256:Infinity":101,"s:255:6:255:Infinity":102,"f:260:17:260:39":30,"s:261:4:263:Infinity":103,"s:262:6:262:Infinity":104,"f:267:17:267:26":31,"s:268:4:272:Infinity":105,"s:269:6:269:Infinity":106,"s:271:6:271:Infinity":107,"s:275:2:295:Infinity":108}}}
,"E:\\project\\gelbooru\\src\\stores\\favoriteTags.ts": {"path":"E:\\project\\gelbooru\\src\\stores\\favoriteTags.ts","statementMap":{"0":{"start":{"line":6,"column":13},"end":{"line":79,"column":null}},"1":{"start":{"line":7,"column":8},"end":{"line":7,"column":null}},"2":{"start":{"line":8,"column":8},"end":{"line":8,"column":null}},"3":{"start":{"line":11,"column":4},"end":{"line":11,"column":null}},"4":{"start":{"line":12,"column":4},"end":{"line":19,"column":null}},"5":{"start":{"line":13,"column":21},"end":{"line":13,"column":null}},"6":{"start":{"line":14,"column":6},"end":{"line":14,"column":null}},"7":{"start":{"line":16,"column":6},"end":{"line":16,"column":null}},"8":{"start":{"line":18,"column":6},"end":{"line":18,"column":null}},"9":{"start":{"line":23,"column":4},"end":{"line":29,"column":null}},"10":{"start":{"line":24,"column":6},"end":{"line":24,"column":null}},"11":{"start":{"line":25,"column":6},"end":{"line":25,"column":null}},"12":{"start":{"line":27,"column":6},"end":{"line":27,"column":null}},"13":{"start":{"line":28,"column":6},"end":{"line":28,"column":null}},"14":{"start":{"line":33,"column":4},"end":{"line":39,"column":null}},"15":{"start":{"line":34,"column":6},"end":{"line":34,"column":null}},"16":{"start":{"line":35,"column":6},"end":{"line":35,"column":null}},"17":{"start":{"line":37,"column":6},"end":{"line":37,"column":null}},"18":{"start":{"line":38,"column":6},"end":{"line":38,"column":null}},"19":{"start":{"line":43,"column":4},"end":{"line":49,"column":null}},"20":{"start":{"line":44,"column":6},"end":{"line":44,"column":null}},"21":{"start":{"line":45,"column":6},"end":{"line":45,"column":null}},"22":{"start":{"line":47,"column":6},"end":{"line":47,"column":null}},"23":{"start":{"line":48,"column":6},"end":{"line":48,"column":null}},"24":{"start":{"line":53,"column":4},"end":{"line":58,"column":null}},"25":{"start":{"line":54,"column":6},"end":{"line":54,"column":null}},"26":{"start":{"line":56,"column":6},"end":{"line":56,"column":null}},"27":{"start":{"line":57,"column":6},"end":{"line":57,"column":null}},"28":{"start":{"line":63,"column":4},"end":{"line":66,"column":null}},"29":{"start":{"line":65,"column":8},"end":{"line":65,"column":null}},"30":{"start":{"line":65,"column":71},"end":{"line":65,"column":92}},"31":{"start":{"line":69,"column":2},"end":{"line":78,"column":null}}},"fnMap":{"0":{"name":"(anonymous_0)","decl":{"start":{"line":6,"column":64},"end":{"line":6,"column":70}},"loc":{"start":{"line":6,"column":70},"end":{"line":79,"column":1}},"line":6},"1":{"name":"loadTags","decl":{"start":{"line":10,"column":17},"end":{"line":10,"column":28}},"loc":{"start":{"line":10,"column":28},"end":{"line":20,"column":null}},"line":10},"2":{"name":"addParentTag","decl":{"start":{"line":22,"column":17},"end":{"line":22,"column":30}},"loc":{"start":{"line":22,"column":74},"end":{"line":30,"column":null}},"line":22},"3":{"name":"addChildTag","decl":{"start":{"line":32,"column":17},"end":{"line":32,"column":29}},"loc":{"start":{"line":32,"column":77},"end":{"line":40,"column":null}},"line":32},"4":{"name":"removeTag","decl":{"start":{"line":42,"column":17},"end":{"line":42,"column":27}},"loc":{"start":{"line":42,"column":39},"end":{"line":50,"column":null}},"line":42},"5":{"name":"isTagFavorited","decl":{"start":{"line":52,"column":17},"end":{"line":52,"column":32}},"loc":{"start":{"line":52,"column":63},"end":{"line":59,"column":null}},"line":52},"6":{"name":"findTagGroup","decl":{"start":{"line":62,"column":11},"end":{"line":62,"column":24}},"loc":{"start":{"line":62,"column":71},"end":{"line":67,"column":null}},"line":62},"7":{"name":"(anonymous_7)","decl":{"start":{"line":64,"column":6},"end":{"line":64,"column":7}},"loc":{"start":{"line":65,"column":8},"end":{"line":65,"column":null}},"line":65},"8":{"name":"(anonymous_8)","decl":{"start":{"line":65,"column":60},"end":{"line":65,"column":61}},"loc":{"start":{"line":65,"column":71},"end":{"line":65,"column":92}},"line":65}},"branchMap":{"0":{"loc":{"start":{"line":22,"column":43},"end":{"line":22,"column":74}},"type":"default-arg","locations":[{"start":{"line":22,"column":61},"end":{"line":22,"column":74}}],"line":22},"1":{"loc":{"start":{"line":65,"column":8},"end":{"line":65,"column":null}},"type":"binary-expr","locations":[{"start":{"line":65,"column":8},"end":{"line":65,"column":40}},{"start":{"line":65,"column":40},"end":{"line":65,"column":null}}],"line":65}},"s":{"0":0,"1":0,"2":0,"3":0,"4":0,"5":0,"6":0,"7":0,"8":0,"9":0,"10":0,"11":0,"12":0,"13":0,"14":0,"15":0,"16":0,"17":0,"18":0,"19":0,"20":0,"21":0,"22":0,"23":0,"24":0,"25":0,"26":0,"27":0,"28":0,"29":0,"30":0,"31":0},"f":{"0":0,"1":0,"2":0,"3":0,"4":0,"5":0,"6":0,"7":0,"8":0},"b":{"0":[0],"1":[0,0]},"meta":{"lastBranch":2,"lastFunction":9,"lastStatement":32,"seen":{"s:6:13:79:Infinity":0,"f:6:64:6:70":0,"s:7:8:7:Infinity":1,"s:8:8:8:Infinity":2,"f:10:17:10:28":1,"s:11:4:11:Infinity":3,"s:12:4:19:Infinity":4,"s:13:21:13:Infinity":5,"s:14:6:14:Infinity":6,"s:16:6:16:Infinity":7,"s:18:6:18:Infinity":8,"f:22:17:22:30":2,"b:22:61:22:74":0,"s:23:4:29:Infinity":9,"s:24:6:24:Infinity":10,"s:25:6:25:Infinity":11,"s:27:6:27:Infinity":12,"s:28:6:28:Infinity":13,"f:32:17:32:29":3,"s:33:4:39:Infinity":14,"s:34:6:34:Infinity":15,"s:35:6:35:Infinity":16,"s:37:6:37:Infinity":17,"s:38:6:38:Infinity":18,"f:42:17:42:27":4,"s:43:4:49:Infinity":19,"s:44:6:44:Infinity":20,"s:45:6:45:Infinity":21,"s:47:6:47:Infinity":22,"s:48:6:48:Infinity":23,"f:52:17:52:32":5,"s:53:4:58:Infinity":24,"s:54:6:54:Infinity":25,"s:56:6:56:Infinity":26,"s:57:6:57:Infinity":27,"f:62:11:62:24":6,"s:63:4:66:Infinity":28,"f:64:6:64:7":7,"s:65:8:65:Infinity":29,"b:65:8:65:40:65:40:65:Infinity":1,"f:65:60:65:61":8,"s:65:71:65:92":30,"s:69:2:78:Infinity":31}}}
,"E:\\project\\gelbooru\\src\\stores\\gallery.ts": {"path":"E:\\project\\gelbooru\\src\\stores\\gallery.ts","statementMap":{"0":{"start":{"line":16,"column":13},"end":{"line":105,"column":null}},"1":{"start":{"line":17,"column":8},"end":{"line":17,"column":null}},"2":{"start":{"line":18,"column":8},"end":{"line":18,"column":null}},"3":{"start":{"line":19,"column":8},"end":{"line":19,"column":null}},"4":{"start":{"line":20,"column":8},"end":{"line":20,"column":null}},"5":{"start":{"line":21,"column":8},"end":{"line":21,"column":null}},"6":{"start":{"line":22,"column":8},"end":{"line":22,"column":null}},"7":{"start":{"line":23,"column":8},"end":{"line":23,"column":null}},"8":{"start":{"line":26,"column":8},"end":{"line":26,"column":null}},"9":{"start":{"line":29,"column":4},"end":{"line":29,"column":null}},"10":{"start":{"line":33,"column":4},"end":{"line":33,"column":null}},"11":{"start":{"line":37,"column":4},"end":{"line":37,"column":null}},"12":{"start":{"line":41,"column":4},"end":{"line":41,"column":null}},"13":{"start":{"line":45,"column":4},"end":{"line":45,"column":null}},"14":{"start":{"line":49,"column":4},"end":{"line":49,"column":null}},"15":{"start":{"line":53,"column":4},"end":{"line":53,"column":null}},"16":{"start":{"line":58,"column":4},"end":{"line":66,"column":null}},"17":{"start":{"line":67,"column":4},"end":{"line":67,"column":null}},"18":{"start":{"line":72,"column":4},"end":{"line":75,"column":null}},"19":{"start":{"line":73,"column":6},"end":{"line":73,"column":null}},"20":{"start":{"line":74,"column":6},"end":{"line":74,"column":null}},"21":{"start":{"line":76,"column":4},"end":{"line":76,"column":null}},"22":{"start":{"line":81,"column":4},"end":{"line":81,"column":null}},"23":{"start":{"line":82,"column":4},"end":{"line":82,"column":null}},"24":{"start":{"line":85,"column":2},"end":{"line":104,"column":null}}},"fnMap":{"0":{"name":"(anonymous_0)","decl":{"start":{"line":16,"column":54},"end":{"line":16,"column":60}},"loc":{"start":{"line":16,"column":60},"end":{"line":105,"column":1}},"line":16},"1":{"name":"setPosts","decl":{"start":{"line":28,"column":11},"end":{"line":28,"column":20}},"loc":{"start":{"line":28,"column":46},"end":{"line":30,"column":null}},"line":28},"2":{"name":"appendPosts","decl":{"start":{"line":32,"column":11},"end":{"line":32,"column":23}},"loc":{"start":{"line":32,"column":49},"end":{"line":34,"column":null}},"line":32},"3":{"name":"setTags","decl":{"start":{"line":36,"column":11},"end":{"line":36,"column":19}},"loc":{"start":{"line":36,"column":43},"end":{"line":38,"column":null}},"line":36},"4":{"name":"setTotalPages","decl":{"start":{"line":40,"column":11},"end":{"line":40,"column":25}},"loc":{"start":{"line":40,"column":40},"end":{"line":42,"column":null}},"line":40},"5":{"name":"setSearchTags","decl":{"start":{"line":44,"column":11},"end":{"line":44,"column":25}},"loc":{"start":{"line":44,"column":41},"end":{"line":46,"column":null}},"line":44},"6":{"name":"nextPage","decl":{"start":{"line":48,"column":11},"end":{"line":48,"column":22}},"loc":{"start":{"line":48,"column":22},"end":{"line":50,"column":null}},"line":48},"7":{"name":"setLoading","decl":{"start":{"line":52,"column":11},"end":{"line":52,"column":22}},"loc":{"start":{"line":52,"column":38},"end":{"line":54,"column":null}},"line":52},"8":{"name":"savePageState","decl":{"start":{"line":57,"column":11},"end":{"line":57,"column":25}},"loc":{"start":{"line":57,"column":73},"end":{"line":68,"column":null}},"line":57},"9":{"name":"restorePageState","decl":{"start":{"line":71,"column":11},"end":{"line":71,"column":48}},"loc":{"start":{"line":71,"column":48},"end":{"line":77,"column":null}},"line":71},"10":{"name":"clearPageState","decl":{"start":{"line":80,"column":11},"end":{"line":80,"column":28}},"loc":{"start":{"line":80,"column":28},"end":{"line":83,"column":null}},"line":80}},"branchMap":{"0":{"loc":{"start":{"line":72,"column":4},"end":{"line":75,"column":null}},"type":"if","locations":[{"start":{"line":72,"column":4},"end":{"line":75,"column":null}},{"start":{},"end":{}}],"line":72}},"s":{"0":1,"1":24,"2":24,"3":24,"4":24,"5":24,"6":24,"7":24,"8":24,"9":13,"10":1,"11":5,"12":5,"13":6,"14":5,"15":12,"16":10,"17":10,"18":4,"19":1,"20":1,"21":3,"22":2,"23":2,"24":24},"f":{"0":24,"1":13,"2":1,"3":5,"4":5,"5":6,"6":5,"7":12,"8":10,"9":4,"10":2},"b":{"0":[1,3]},"meta":{"lastBranch":1,"lastFunction":11,"lastStatement":25,"seen":{"s:16:13:105:Infinity":0,"f:16:54:16:60":0,"s:17:8:17:Infinity":1,"s:18:8:18:Infinity":2,"s:19:8:19:Infinity":3,"s:20:8:20:Infinity":4,"s:21:8:21:Infinity":5,"s:22:8:22:Infinity":6,"s:23:8:23:Infinity":7,"s:26:8:26:Infinity":8,"f:28:11:28:20":1,"s:29:4:29:Infinity":9,"f:32:11:32:23":2,"s:33:4:33:Infinity":10,"f:36:11:36:19":3,"s:37:4:37:Infinity":11,"f:40:11:40:25":4,"s:41:4:41:Infinity":12,"f:44:11:44:25":5,"s:45:4:45:Infinity":13,"f:48:11:48:22":6,"s:49:4:49:Infinity":14,"f:52:11:52:22":7,"s:53:4:53:Infinity":15,"f:57:11:57:25":8,"s:58:4:66:Infinity":16,"s:67:4:67:Infinity":17,"f:71:11:71:48":9,"b:72:4:75:Infinity:undefined:undefined:undefined:undefined":0,"s:72:4:75:Infinity":18,"s:73:6:73:Infinity":19,"s:74:6:74:Infinity":20,"s:76:4:76:Infinity":21,"f:80:11:80:28":10,"s:81:4:81:Infinity":22,"s:82:4:82:Infinity":23,"s:85:2:104:Infinity":24}}}
,"E:\\project\\gelbooru\\src\\stores\\settings.ts": {"path":"E:\\project\\gelbooru\\src\\stores\\settings.ts","statementMap":{"0":{"start":{"line":16,"column":33},"end":{"line":16,"column":null}},"1":{"start":{"line":18,"column":13},"end":{"line":149,"column":null}},"2":{"start":{"line":19,"column":8},"end":{"line":19,"column":null}},"3":{"start":{"line":20,"column":8},"end":{"line":20,"column":null}},"4":{"start":{"line":21,"column":8},"end":{"line":21,"column":null}},"5":{"start":{"line":22,"column":8},"end":{"line":22,"column":null}},"6":{"start":{"line":23,"column":8},"end":{"line":23,"column":null}},"7":{"start":{"line":24,"column":8},"end":{"line":24,"column":null}},"8":{"start":{"line":25,"column":8},"end":{"line":25,"column":null}},"9":{"start":{"line":28,"column":4},"end":{"line":49,"column":null}},"10":{"start":{"line":29,"column":23},"end":{"line":29,"column":null}},"11":{"start":{"line":30,"column":6},"end":{"line":30,"column":null}},"12":{"start":{"line":31,"column":6},"end":{"line":31,"column":null}},"13":{"start":{"line":32,"column":6},"end":{"line":32,"column":null}},"14":{"start":{"line":33,"column":6},"end":{"line":33,"column":null}},"15":{"start":{"line":34,"column":6},"end":{"line":34,"column":null}},"16":{"start":{"line":35,"column":6},"end":{"line":35,"column":null}},"17":{"start":{"line":36,"column":6},"end":{"line":36,"column":null}},"18":{"start":{"line":39,"column":6},"end":{"line":43,"column":null}},"19":{"start":{"line":40,"column":28},"end":{"line":40,"column":null}},"20":{"start":{"line":41,"column":8},"end":{"line":41,"column":null}},"21":{"start":{"line":42,"column":8},"end":{"line":42,"column":null}},"22":{"start":{"line":46,"column":6},"end":{"line":46,"column":null}},"23":{"start":{"line":48,"column":6},"end":{"line":48,"column":null}},"24":{"start":{"line":53,"column":4},"end":{"line":62,"column":null}},"25":{"start":{"line":54,"column":6},"end":{"line":59,"column":null}},"26":{"start":{"line":55,"column":25},"end":{"line":55,"column":null}},"27":{"start":{"line":56,"column":8},"end":{"line":56,"column":null}},"28":{"start":{"line":58,"column":8},"end":{"line":58,"column":null}},"29":{"start":{"line":61,"column":6},"end":{"line":61,"column":null}},"30":{"start":{"line":66,"column":4},"end":{"line":68,"column":null}},"31":{"start":{"line":67,"column":6},"end":{"line":67,"column":null}},"32":{"start":{"line":69,"column":4},"end":{"line":72,"column":null}},"33":{"start":{"line":70,"column":6},"end":{"line":70,"column":null}},"34":{"start":{"line":71,"column":6},"end":{"line":71,"column":null}},"35":{"start":{"line":76,"column":4},"end":{"line":90,"column":null}},"36":{"start":{"line":77,"column":6},"end":{"line":87,"column":null}},"37":{"start":{"line":89,"column":6},"end":{"line":89,"column":null}},"38":{"start":{"line":94,"column":4},"end":{"line":94,"column":null}},"39":{"start":{"line":95,"column":4},"end":{"line":95,"column":null}},"40":{"start":{"line":99,"column":4},"end":{"line":99,"column":null}},"41":{"start":{"line":100,"column":4},"end":{"line":100,"column":null}},"42":{"start":{"line":104,"column":4},"end":{"line":104,"column":null}},"43":{"start":{"line":105,"column":4},"end":{"line":105,"column":null}},"44":{"start":{"line":109,"column":4},"end":{"line":109,"column":null}},"45":{"start":{"line":110,"column":4},"end":{"line":110,"column":null}},"46":{"start":{"line":114,"column":4},"end":{"line":114,"column":null}},"47":{"start":{"line":115,"column":4},"end":{"line":117,"column":null}},"48":{"start":{"line":116,"column":6},"end":{"line":116,"column":null}},"49":{"start":{"line":118,"column":4},"end":{"line":120,"column":null}},"50":{"start":{"line":119,"column":6},"end":{"line":119,"column":null}},"51":{"start":{"line":121,"column":4},"end":{"line":121,"column":null}},"52":{"start":{"line":123,"column":4},"end":{"line":123,"column":null}},"53":{"start":{"line":127,"column":4},"end":{"line":127,"column":null}},"54":{"start":{"line":127,"column":29},"end":{"line":127,"column":null}},"55":{"start":{"line":128,"column":4},"end":{"line":128,"column":null}},"56":{"start":{"line":131,"column":2},"end":{"line":148,"column":null}}},"fnMap":{"0":{"name":"(anonymous_0)","decl":{"start":{"line":18,"column":56},"end":{"line":18,"column":62}},"loc":{"start":{"line":18,"column":62},"end":{"line":149,"column":1}},"line":18},"1":{"name":"loadSettings","decl":{"start":{"line":27,"column":17},"end":{"line":27,"column":32}},"loc":{"start":{"line":27,"column":32},"end":{"line":50,"column":null}},"line":27},"2":{"name":"applyProxy","decl":{"start":{"line":52,"column":17},"end":{"line":52,"column":30}},"loc":{"start":{"line":52,"column":30},"end":{"line":63,"column":null}},"line":52},"3":{"name":"saveSettingsDebounced","decl":{"start":{"line":65,"column":11},"end":{"line":65,"column":35}},"loc":{"start":{"line":65,"column":35},"end":{"line":73,"column":null}},"line":65},"4":{"name":"(anonymous_4)","decl":{"start":{"line":69,"column":36},"end":{"line":69,"column":42}},"loc":{"start":{"line":69,"column":42},"end":{"line":72,"column":7}},"line":69},"5":{"name":"saveSettings","decl":{"start":{"line":75,"column":17},"end":{"line":75,"column":32}},"loc":{"start":{"line":75,"column":32},"end":{"line":91,"column":null}},"line":75},"6":{"name":"toggleTheme","decl":{"start":{"line":93,"column":11},"end":{"line":93,"column":25}},"loc":{"start":{"line":93,"column":25},"end":{"line":96,"column":null}},"line":93},"7":{"name":"toggleSidebar","decl":{"start":{"line":98,"column":11},"end":{"line":98,"column":27}},"loc":{"start":{"line":98,"column":27},"end":{"line":101,"column":null}},"line":98},"8":{"name":"updateDownloadPath","decl":{"start":{"line":103,"column":11},"end":{"line":103,"column":30}},"loc":{"start":{"line":103,"column":44},"end":{"line":106,"column":null}},"line":103},"9":{"name":"updateConcurrentDownloads","decl":{"start":{"line":108,"column":11},"end":{"line":108,"column":37}},"loc":{"start":{"line":108,"column":52},"end":{"line":111,"column":null}},"line":108},"10":{"name":"updateProxy","decl":{"start":{"line":113,"column":11},"end":{"line":113,"column":23}},"loc":{"start":{"line":113,"column":71},"end":{"line":124,"column":null}},"line":113},"11":{"name":"getProxyUrl","decl":{"start":{"line":126,"column":11},"end":{"line":126,"column":33}},"loc":{"start":{"line":126,"column":33},"end":{"line":129,"column":null}},"line":126}},"branchMap":{"0":{"loc":{"start":{"line":39,"column":6},"end":{"line":43,"column":null}},"type":"if","locations":[{"start":{"line":39,"column":6},"end":{"line":43,"column":null}},{"start":{},"end":{}}],"line":39},"1":{"loc":{"start":{"line":54,"column":6},"end":{"line":59,"column":null}},"type":"if","locations":[{"start":{"line":54,"column":6},"end":{"line":59,"column":null}},{"start":{"line":57,"column":13},"end":{"line":59,"column":null}}],"line":54},"2":{"loc":{"start":{"line":66,"column":4},"end":{"line":68,"column":null}},"type":"if","locations":[{"start":{"line":66,"column":4},"end":{"line":68,"column":null}},{"start":{},"end":{}}],"line":66},"3":{"loc":{"start":{"line":94,"column":18},"end":{"line":94,"column":null}},"type":"cond-expr","locations":[{"start":{"line":94,"column":43},"end":{"line":94,"column":53}},{"start":{"line":94,"column":53},"end":{"line":94,"column":null}}],"line":94},"4":{"loc":{"start":{"line":115,"column":4},"end":{"line":117,"column":null}},"type":"if","locations":[{"start":{"line":115,"column":4},"end":{"line":117,"column":null}},{"start":{},"end":{}}],"line":115},"5":{"loc":{"start":{"line":118,"column":4},"end":{"line":120,"column":null}},"type":"if","locations":[{"start":{"line":118,"column":4},"end":{"line":120,"column":null}},{"start":{},"end":{}}],"line":118},"6":{"loc":{"start":{"line":127,"column":4},"end":{"line":127,"column":null}},"type":"if","locations":[{"start":{"line":127,"column":4},"end":{"line":127,"column":null}},{"start":{},"end":{}}],"line":127}},"s":{"0":0,"1":0,"2":0,"3":0,"4":0,"5":0,"6":0,"7":0,"8":0,"9":0,"10":0,"11":0,"12":0,"13":0,"14":0,"15":0,"16":0,"17":0,"18":0,"19":0,"20":0,"21":0,"22":0,"23":0,"24":0,"25":0,"26":0,"27":0,"28":0,"29":0,"30":0,"31":0,"32":0,"33":0,"34":0,"35":0,"36":0,"37":0,"38":0,"39":0,"40":0,"41":0,"42":0,"43":0,"44":0,"45":0,"46":0,"47":0,"48":0,"49":0,"50":0,"51":0,"52":0,"53":0,"54":0,"55":0,"56":0},"f":{"0":0,"1":0,"2":0,"3":0,"4":0,"5":0,"6":0,"7":0,"8":0,"9":0,"10":0,"11":0},"b":{"0":[0,0],"1":[0,0],"2":[0,0],"3":[0,0],"4":[0,0],"5":[0,0],"6":[0,0]},"meta":{"lastBranch":7,"lastFunction":12,"lastStatement":57,"seen":{"s:16:33:16:Infinity":0,"s:18:13:149:Infinity":1,"f:18:56:18:62":0,"s:19:8:19:Infinity":2,"s:20:8:20:Infinity":3,"s:21:8:21:Infinity":4,"s:22:8:22:Infinity":5,"s:23:8:23:Infinity":6,"s:24:8:24:Infinity":7,"s:25:8:25:Infinity":8,"f:27:17:27:32":1,"s:28:4:49:Infinity":9,"s:29:23:29:Infinity":10,"s:30:6:30:Infinity":11,"s:31:6:31:Infinity":12,"s:32:6:32:Infinity":13,"s:33:6:33:Infinity":14,"s:34:6:34:Infinity":15,"s:35:6:35:Infinity":16,"s:36:6:36:Infinity":17,"b:39:6:43:Infinity:undefined:undefined:undefined:undefined":0,"s:39:6:43:Infinity":18,"s:40:28:40:Infinity":19,"s:41:8:41:Infinity":20,"s:42:8:42:Infinity":21,"s:46:6:46:Infinity":22,"s:48:6:48:Infinity":23,"f:52:17:52:30":2,"s:53:4:62:Infinity":24,"b:54:6:59:Infinity:57:13:59:Infinity":1,"s:54:6:59:Infinity":25,"s:55:25:55:Infinity":26,"s:56:8:56:Infinity":27,"s:58:8:58:Infinity":28,"s:61:6:61:Infinity":29,"f:65:11:65:35":3,"b:66:4:68:Infinity:undefined:undefined:undefined:undefined":2,"s:66:4:68:Infinity":30,"s:67:6:67:Infinity":31,"s:69:4:72:Infinity":32,"f:69:36:69:42":4,"s:70:6:70:Infinity":33,"s:71:6:71:Infinity":34,"f:75:17:75:32":5,"s:76:4:90:Infinity":35,"s:77:6:87:Infinity":36,"s:89:6:89:Infinity":37,"f:93:11:93:25":6,"s:94:4:94:Infinity":38,"b:94:43:94:53:94:53:94:Infinity":3,"s:95:4:95:Infinity":39,"f:98:11:98:27":7,"s:99:4:99:Infinity":40,"s:100:4:100:Infinity":41,"f:103:11:103:30":8,"s:104:4:104:Infinity":42,"s:105:4:105:Infinity":43,"f:108:11:108:37":9,"s:109:4:109:Infinity":44,"s:110:4:110:Infinity":45,"f:113:11:113:23":10,"s:114:4:114:Infinity":46,"b:115:4:117:Infinity:undefined:undefined:undefined:undefined":4,"s:115:4:117:Infinity":47,"s:116:6:116:Infinity":48,"b:118:4:120:Infinity:undefined:undefined:undefined:undefined":5,"s:118:4:120:Infinity":49,"s:119:6:119:Infinity":50,"s:121:4:121:Infinity":51,"s:123:4:123:Infinity":52,"f:126:11:126:33":11,"b:127:4:127:Infinity:undefined:undefined:undefined:undefined":6,"s:127:4:127:Infinity":53,"s:127:29:127:Infinity":54,"s:128:4:128:Infinity":55,"s:131:2:148:Infinity":56}}}
,"E:\\project\\gelbooru\\src\\types\\index.ts": {"path":"E:\\project\\gelbooru\\src\\types\\index.ts","statementMap":{},"fnMap":{},"branchMap":{},"s":{},"f":{},"b":{},"meta":{"lastBranch":0,"lastFunction":0,"lastStatement":0,"seen":{}}}
,"E:\\project\\gelbooru\\src\\utils\\lruCache.ts": {"path":"E:\\project\\gelbooru\\src\\utils\\lruCache.ts","statementMap":{"0":{"start":{"line":10,"column":4},"end":{"line":12,"column":null}},"1":{"start":{"line":11,"column":6},"end":{"line":11,"column":null}},"2":{"start":{"line":13,"column":4},"end":{"line":13,"column":null}},"3":{"start":{"line":14,"column":4},"end":{"line":14,"column":null}},"4":{"start":{"line":22,"column":4},"end":{"line":24,"column":null}},"5":{"start":{"line":23,"column":6},"end":{"line":23,"column":null}},"6":{"start":{"line":26,"column":18},"end":{"line":26,"column":null}},"7":{"start":{"line":27,"column":4},"end":{"line":27,"column":null}},"8":{"start":{"line":28,"column":4},"end":{"line":28,"column":null}},"9":{"start":{"line":29,"column":4},"end":{"line":29,"column":null}},"10":{"start":{"line":36,"column":4},"end":{"line":36,"column":null}},"11":{"start":{"line":45,"column":4},"end":{"line":47,"column":null}},"12":{"start":{"line":46,"column":6},"end":{"line":46,"column":null}},"13":{"start":{"line":49,"column":4},"end":{"line":54,"column":null}},"14":{"start":{"line":50,"column":24},"end":{"line":50,"column":null}},"15":{"start":{"line":51,"column":6},"end":{"line":53,"column":null}},"16":{"start":{"line":52,"column":8},"end":{"line":52,"column":null}},"17":{"start":{"line":56,"column":4},"end":{"line":56,"column":null}},"18":{"start":{"line":63,"column":4},"end":{"line":63,"column":null}},"19":{"start":{"line":70,"column":4},"end":{"line":70,"column":null}},"20":{"start":{"line":77,"column":4},"end":{"line":77,"column":null}},"21":{"start":{"line":84,"column":4},"end":{"line":84,"column":null}},"22":{"start":{"line":89,"column":33},"end":{"line":89,"column":null}},"23":{"start":{"line":90,"column":25},"end":{"line":90,"column":null}}},"fnMap":{"0":{"name":"(anonymous_0)","decl":{"start":{"line":9,"column":2},"end":{"line":9,"column":14}},"loc":{"start":{"line":9,"column":37},"end":{"line":15,"column":null}},"line":9},"1":{"name":"(anonymous_1)","decl":{"start":{"line":21,"column":2},"end":{"line":21,"column":6}},"loc":{"start":{"line":21,"column":34},"end":{"line":30,"column":null}},"line":21},"2":{"name":"(anonymous_2)","decl":{"start":{"line":35,"column":2},"end":{"line":35,"column":6}},"loc":{"start":{"line":35,"column":28},"end":{"line":37,"column":null}},"line":35},"3":{"name":"(anonymous_3)","decl":{"start":{"line":43,"column":2},"end":{"line":43,"column":6}},"loc":{"start":{"line":43,"column":35},"end":{"line":57,"column":null}},"line":43},"4":{"name":"(anonymous_4)","decl":{"start":{"line":62,"column":2},"end":{"line":62,"column":9}},"loc":{"start":{"line":62,"column":31},"end":{"line":64,"column":null}},"line":62},"5":{"name":"(anonymous_5)","decl":{"start":{"line":69,"column":2},"end":{"line":69,"column":16}},"loc":{"start":{"line":69,"column":16},"end":{"line":71,"column":null}},"line":69},"6":{"name":"(anonymous_6)","decl":{"start":{"line":76,"column":6},"end":{"line":76,"column":21}},"loc":{"start":{"line":76,"column":21},"end":{"line":78,"column":null}},"line":76},"7":{"name":"(anonymous_7)","decl":{"start":{"line":83,"column":6},"end":{"line":83,"column":29}},"loc":{"start":{"line":83,"column":29},"end":{"line":85,"column":null}},"line":83}},"branchMap":{"0":{"loc":{"start":{"line":9,"column":14},"end":{"line":9,"column":37}},"type":"default-arg","locations":[{"start":{"line":9,"column":32},"end":{"line":9,"column":37}}],"line":9},"1":{"loc":{"start":{"line":10,"column":4},"end":{"line":12,"column":null}},"type":"if","locations":[{"start":{"line":10,"column":4},"end":{"line":12,"column":null}},{"start":{},"end":{}}],"line":10},"2":{"loc":{"start":{"line":22,"column":4},"end":{"line":24,"column":null}},"type":"if","locations":[{"start":{"line":22,"column":4},"end":{"line":24,"column":null}},{"start":{},"end":{}}],"line":22},"3":{"loc":{"start":{"line":45,"column":4},"end":{"line":47,"column":null}},"type":"if","locations":[{"start":{"line":45,"column":4},"end":{"line":47,"column":null}},{"start":{},"end":{}}],"line":45},"4":{"loc":{"start":{"line":49,"column":4},"end":{"line":54,"column":null}},"type":"if","locations":[{"start":{"line":49,"column":4},"end":{"line":54,"column":null}},{"start":{},"end":{}}],"line":49},"5":{"loc":{"start":{"line":51,"column":6},"end":{"line":53,"column":null}},"type":"if","locations":[{"start":{"line":51,"column":6},"end":{"line":53,"column":null}},{"start":{},"end":{}}],"line":51}},"s":{"0":0,"1":0,"2":0,"3":0,"4":0,"5":0,"6":0,"7":0,"8":0,"9":0,"10":0,"11":0,"12":0,"13":0,"14":0,"15":0,"16":0,"17":0,"18":0,"19":0,"20":0,"21":0,"22":0,"23":0},"f":{"0":0,"1":0,"2":0,"3":0,"4":0,"5":0,"6":0,"7":0},"b":{"0":[0],"1":[0,0],"2":[0,0],"3":[0,0],"4":[0,0],"5":[0,0]},"meta":{"lastBranch":6,"lastFunction":8,"lastStatement":24,"seen":{"f:9:2:9:14":0,"b:9:32:9:37":0,"b:10:4:12:Infinity:undefined:undefined:undefined:undefined":1,"s:10:4:12:Infinity":0,"s:11:6:11:Infinity":1,"s:13:4:13:Infinity":2,"s:14:4:14:Infinity":3,"f:21:2:21:6":1,"b:22:4:24:Infinity:undefined:undefined:undefined:undefined":2,"s:22:4:24:Infinity":4,"s:23:6:23:Infinity":5,"s:26:18:26:Infinity":6,"s:27:4:27:Infinity":7,"s:28:4:28:Infinity":8,"s:29:4:29:Infinity":9,"f:35:2:35:6":2,"s:36:4:36:Infinity":10,"f:43:2:43:6":3,"b:45:4:47:Infinity:undefined:undefined:undefined:undefined":3,"s:45:4:47:Infinity":11,"s:46:6:46:Infinity":12,"b:49:4:54:Infinity:undefined:undefined:undefined:undefined":4,"s:49:4:54:Infinity":13,"s:50:24:50:Infinity":14,"b:51:6:53:Infinity:undefined:undefined:undefined:undefined":5,"s:51:6:53:Infinity":15,"s:52:8:52:Infinity":16,"s:56:4:56:Infinity":17,"f:62:2:62:9":4,"s:63:4:63:Infinity":18,"f:69:2:69:16":5,"s:70:4:70:Infinity":19,"f:76:6:76:21":6,"s:77:4:77:Infinity":20,"f:83:6:83:29":7,"s:84:4:84:Infinity":21,"s:89:33:89:Infinity":22,"s:90:25:90:Infinity":23}}}
}
